tensor.upvnet.upv.es
Fri Mar 13 19:08:25 2026       
+-----------------------------------------------------------------------------------------+
| NVIDIA-SMI 570.169                Driver Version: 570.169        CUDA Version: 12.8     |
|-----------------------------------------+------------------------+----------------------+
| GPU  Name                 Persistence-M | Bus-Id          Disp.A | Volatile Uncorr. ECC |
| Fan  Temp   Perf          Pwr:Usage/Cap |           Memory-Usage | GPU-Util  Compute M. |
|                                         |                        |               MIG M. |
|=========================================+========================+======================|
|   0  NVIDIA L40S                    Off |   00000000:21:00.0 Off |                    0 |
| N/A   33C    P8             32W /  350W |       0MiB /  46068MiB |      0%      Default |
|                                         |                        |                  N/A |
+-----------------------------------------+------------------------+----------------------+
|   1  NVIDIA L40S                    Off |   00000000:41:00.0 Off |                    0 |
| N/A   31C    P8             32W /  350W |       0MiB /  46068MiB |      0%      Default |
|                                         |                        |                  N/A |
+-----------------------------------------+------------------------+----------------------+
|   2  NVIDIA L40S                    Off |   00000000:A1:00.0 Off |                    0 |
| N/A   30C    P8             33W /  350W |       0MiB /  46068MiB |      0%      Default |
|                                         |                        |                  N/A |
+-----------------------------------------+------------------------+----------------------+
|   3  NVIDIA L40S                    Off |   00000000:C1:00.0 Off |                    0 |
| N/A   58C    P0            212W /  350W |   19647MiB /  46068MiB |     51%      Default |
|                                         |                        |                  N/A |
+-----------------------------------------+------------------------+----------------------+
                                                                                         
+-----------------------------------------------------------------------------------------+
| Processes:                                                                              |
|  GPU   GI   CI              PID   Type   Process name                        GPU Memory |
|        ID   ID                                                               Usage      |
|=========================================================================================|
|    3   N/A  N/A         2830040      C   python                                19638MiB |
+-----------------------------------------------------------------------------------------+
usage: train.py [-h] [--models-file MODELS_FILE] [--data-augm]
                [--fixed-height FIXED_HEIGHT] [--epochs EPOCHS]
                [--early-stop EARLY_STOP] [--batch-size BATCH_SIZE]
                [--space-symbol SPACE_SYMBOL] [--gpu GPU [GPU ...]]
                [--verbosity]
                dataset_train dataset_val model_name
train.py: error: argument --space-symbol: expected one argument
/var/lib/slurm/slurmd/job20077/slurm_script: línea 18: ce-symbol: orden no encontrada
